<?xml version="1.0" encoding="UTF-8"?>
<testng-results ignored="0" total="1" passed="1" failed="0" skipped="0">
  <reporter-output>
  </reporter-output>
  <suite started-at="2023-06-28T19:00:24 IST" name="Default suite" finished-at="2023-06-28T19:00:55 IST" duration-ms="30929">
    <groups>
    </groups>
    <test started-at="2023-06-28T19:00:24 IST" name="Default test" finished-at="2023-06-28T19:00:55 IST" duration-ms="30929">
      <class name="testcases.Test_001_LOGIN">
        <test-method is-config="true" signature="setup()[pri:0, instance:testcases.Test_001_LOGIN@534a5a98]" started-at="2023-06-28T19:00:24 IST" name="setup" finished-at="2023-06-28T19:00:40 IST" duration-ms="15681" status="PASS">
          <reporter-output>
          </reporter-output>
        </test-method> <!-- setup -->
        <test-method signature="TestLogin()[pri:0, instance:testcases.Test_001_LOGIN@534a5a98]" started-at="2023-06-28T19:00:40 IST" name="TestLogin" finished-at="2023-06-28T19:00:45 IST" duration-ms="4664" status="PASS">
          <reporter-output>
          </reporter-output>
        </test-method> <!-- TestLogin -->
        <test-method is-config="true" signature="setdown()[pri:0, instance:testcases.Test_001_LOGIN@534a5a98]" started-at="2023-06-28T19:00:45 IST" name="setdown" finished-at="2023-06-28T19:00:55 IST" duration-ms="10514" status="PASS">
          <reporter-output>
          </reporter-output>
        </test-method> <!-- setdown -->
      </class> <!-- testcases.Test_001_LOGIN -->
    </test> <!-- Default test -->
  </suite> <!-- Default suite -->
</testng-results>
